<?xml version="1.0" encoding="UTF-8"?>
<!-- Generated by org.testng.reporters.JUnitReportReporter -->
<testsuite hostname="DESKTOP-8QCJ8D8" failures="0" tests="1" name="webtests.Logintest" time="2.272" errors="0" timestamp="2022-12-18T00:14:11 BDT" skipped="0">
  <testcase classname="webtests.Logintest" name="loginTest" time="2.272"/>
  <system-out/>
</testsuite> <!-- webtests.Logintest -->
