<?xml version="1.0" encoding="UTF-8"?>
<!-- Generated by org.testng.reporters.JUnitReportReporter -->
<testsuite hostname="DESKTOP-8QCJ8D8" failures="0" tests="1" name="webtests.WafiLoginTest" time="15.678" errors="0" timestamp="2022-12-22T09:54:29 BDT" skipped="0">
  <testcase classname="webtests.WafiLoginTest" name="loginTest" time="15.678"/>
  <system-out/>
</testsuite> <!-- webtests.WafiLoginTest -->
